<?xml version="1.0" encoding="UTF-8"?>
<testng-results ignored="0" total="1" passed="1" failed="0" skipped="0">
  <reporter-output>
  </reporter-output>
  <suite started-at="2024-06-06T15:51:26 IST" name="Suite" finished-at="2024-06-06T15:52:39 IST" duration-ms="73441">
    <groups>
    </groups>
    <test started-at="2024-06-06T15:51:26 IST" name="Test" finished-at="2024-06-06T15:52:39 IST" duration-ms="73441">
      <class name="search.SearchFunctionality">
        <test-method is-config="true" signature="setup()[pri:0, instance:search.SearchFunctionality@248e319b]" started-at="2024-06-06T15:51:26 IST" name="setup" finished-at="2024-06-06T15:52:15 IST" duration-ms="49575" status="PASS">
          <reporter-output>
          </reporter-output>
        </test-method> <!-- setup -->
        <test-method signature="searchProductUsingSearchCriteriaField()[pri:6, instance:search.SearchFunctionality@248e319b]" started-at="2024-06-06T15:52:15 IST" name="searchProductUsingSearchCriteriaField" finished-at="2024-06-06T15:52:37 IST" duration-ms="21584" status="PASS">
          <reporter-output>
          </reporter-output>
        </test-method> <!-- searchProductUsingSearchCriteriaField -->
        <test-method is-config="true" signature="tearDown()[pri:0, instance:search.SearchFunctionality@248e319b]" started-at="2024-06-06T15:52:37 IST" name="tearDown" finished-at="2024-06-06T15:52:39 IST" duration-ms="2036" status="PASS">
          <reporter-output>
          </reporter-output>
        </test-method> <!-- tearDown -->
      </class> <!-- search.SearchFunctionality -->
    </test> <!-- Test -->
  </suite> <!-- Suite -->
</testng-results>
