<?xml version="1.0" encoding="UTF-8"?>
<!-- Generated by org.testng.reporters.JUnitXMLReporter -->
<testsuite ignored="5" hostname="Lenovo" failures="0" tests="1" name="Test" time="73.441" errors="0" timestamp="2024-06-06T15:52:39 IST">
  <testcase classname="search.SearchFunctionality" name="searchProductUsingSearchCriteriaField" time="21.584"/>
  <testcase classname="search.SearchFunctionality" name="checkSearchBoxPlaceHoledrs" time="0.0">
    <ignored/>
  </testcase> <!-- checkSearchBoxPlaceHoledrs -->
  <testcase classname="search.SearchFunctionality" name="searchExistingProduct" time="0.0">
    <ignored/>
  </testcase> <!-- searchExistingProduct -->
  <testcase classname="search.SearchFunctionality" name="searchNonExistingProduct" time="0.0">
    <ignored/>
  </testcase> <!-- searchNonExistingProduct -->
  <testcase classname="search.SearchFunctionality" name="serachProductAfetrLogin" time="0.0">
    <ignored/>
  </testcase> <!-- serachProductAfetrLogin -->
  <testcase classname="search.SearchFunctionality" name="wthoutProvidingSearchField" time="0.0">
    <ignored/>
  </testcase> <!-- wthoutProvidingSearchField -->
</testsuite> <!-- Test -->
